{"C:\\Users\\yan01\\github-classroom\\cis557\\homework-4-guess-the-celebrity-backend-yveyan-ysy\\server.js": {"path":"C:\\Users\\yan01\\github-classroom\\cis557\\homework-4-guess-the-celebrity-backend-yveyan-ysy\\server.js","statementMap":{"0":{"start":{"line":2,"column":16},"end":{"line":2,"column":34}},"1":{"start":{"line":3,"column":15},"end":{"line":3,"column":24}},"2":{"start":{"line":4,"column":12},"end":{"line":4,"column":31}},"3":{"start":{"line":5,"column":13},"end":{"line":5,"column":28}},"4":{"start":{"line":6,"column":13},"end":{"line":6,"column":28}},"5":{"start":{"line":7,"column":17},"end":{"line":7,"column":41}},"6":{"start":{"line":8,"column":13},"end":{"line":8,"column":37}},"7":{"start":{"line":10,"column":0},"end":{"line":10,"column":27}},"8":{"start":{"line":11,"column":0},"end":{"line":11,"column":19}},"9":{"start":{"line":12,"column":0},"end":{"line":16,"column":2}},"10":{"start":{"line":17,"column":0},"end":{"line":17,"column":67}},"11":{"start":{"line":20,"column":0},"end":{"line":29,"column":3}},"12":{"start":{"line":21,"column":2},"end":{"line":21,"column":48}},"13":{"start":{"line":22,"column":2},"end":{"line":28,"column":3}},"14":{"start":{"line":23,"column":4},"end":{"line":23,"column":46}},"15":{"start":{"line":24,"column":4},"end":{"line":24,"column":50}},"16":{"start":{"line":26,"column":4},"end":{"line":26,"column":23}},"17":{"start":{"line":27,"column":4},"end":{"line":27,"column":47}},"18":{"start":{"line":31,"column":0},"end":{"line":50,"column":3}},"19":{"start":{"line":32,"column":2},"end":{"line":35,"column":3}},"20":{"start":{"line":33,"column":4},"end":{"line":33,"column":52}},"21":{"start":{"line":34,"column":4},"end":{"line":34,"column":11}},"22":{"start":{"line":37,"column":20},"end":{"line":41,"column":3}},"23":{"start":{"line":42,"column":2},"end":{"line":49,"column":3}},"24":{"start":{"line":43,"column":19},"end":{"line":43,"column":51}},"25":{"start":{"line":44,"column":4},"end":{"line":46,"column":7}},"26":{"start":{"line":48,"column":4},"end":{"line":48,"column":63}},"27":{"start":{"line":52,"column":0},"end":{"line":55,"column":2}},"28":{"start":{"line":53,"column":18},"end":{"line":53,"column":40}},"29":{"start":{"line":54,"column":2},"end":{"line":54,"column":42}},"30":{"start":{"line":57,"column":0},"end":{"line":67,"column":2}},"31":{"start":{"line":58,"column":2},"end":{"line":60,"column":3}},"32":{"start":{"line":59,"column":4},"end":{"line":59,"column":49}},"33":{"start":{"line":61,"column":2},"end":{"line":66,"column":3}},"34":{"start":{"line":62,"column":20},"end":{"line":62,"column":56}},"35":{"start":{"line":63,"column":4},"end":{"line":63,"column":44}},"36":{"start":{"line":65,"column":4},"end":{"line":65,"column":56}},"37":{"start":{"line":69,"column":0},"end":{"line":82,"column":3}},"38":{"start":{"line":70,"column":2},"end":{"line":72,"column":3}},"39":{"start":{"line":71,"column":4},"end":{"line":71,"column":49}},"40":{"start":{"line":72,"column":4},"end":{"line":81,"column":3}},"41":{"start":{"line":73,"column":20},"end":{"line":73,"column":69}},"42":{"start":{"line":74,"column":4},"end":{"line":77,"column":5}},"43":{"start":{"line":75,"column":6},"end":{"line":75,"column":57}},"44":{"start":{"line":76,"column":6},"end":{"line":76,"column":13}},"45":{"start":{"line":78,"column":4},"end":{"line":78,"column":66}},"46":{"start":{"line":80,"column":4},"end":{"line":80,"column":45}},"47":{"start":{"line":84,"column":0},"end":{"line":99,"column":3}},"48":{"start":{"line":85,"column":2},"end":{"line":88,"column":3}},"49":{"start":{"line":86,"column":4},"end":{"line":86,"column":49}},"50":{"start":{"line":87,"column":4},"end":{"line":87,"column":11}},"51":{"start":{"line":89,"column":2},"end":{"line":98,"column":3}},"52":{"start":{"line":90,"column":19},"end":{"line":90,"column":60}},"53":{"start":{"line":91,"column":4},"end":{"line":94,"column":5}},"54":{"start":{"line":92,"column":6},"end":{"line":92,"column":57}},"55":{"start":{"line":93,"column":6},"end":{"line":93,"column":13}},"56":{"start":{"line":95,"column":4},"end":{"line":95,"column":68}},"57":{"start":{"line":97,"column":4},"end":{"line":97,"column":46}},"58":{"start":{"line":101,"column":0},"end":{"line":104,"column":2}},"59":{"start":{"line":102,"column":18},"end":{"line":102,"column":56}},"60":{"start":{"line":103,"column":2},"end":{"line":103,"column":42}},"61":{"start":{"line":107,"column":0},"end":{"line":109,"column":3}},"62":{"start":{"line":108,"column":2},"end":{"line":108,"column":64}},"63":{"start":{"line":112,"column":0},"end":{"line":114,"column":3}},"64":{"start":{"line":113,"column":2},"end":{"line":113,"column":18}},"65":{"start":{"line":116,"column":0},"end":{"line":116,"column":24}}},"fnMap":{"0":{"name":"(anonymous_0)","decl":{"start":{"line":20,"column":20},"end":{"line":20,"column":21}},"loc":{"start":{"line":20,"column":32},"end":{"line":29,"column":1}},"line":20},"1":{"name":"(anonymous_1)","decl":{"start":{"line":31,"column":27},"end":{"line":31,"column":28}},"loc":{"start":{"line":31,"column":47},"end":{"line":50,"column":1}},"line":31},"2":{"name":"(anonymous_2)","decl":{"start":{"line":52,"column":27},"end":{"line":52,"column":28}},"loc":{"start":{"line":52,"column":47},"end":{"line":55,"column":1}},"line":52},"3":{"name":"(anonymous_3)","decl":{"start":{"line":57,"column":30},"end":{"line":57,"column":31}},"loc":{"start":{"line":57,"column":49},"end":{"line":67,"column":1}},"line":57},"4":{"name":"(anonymous_4)","decl":{"start":{"line":69,"column":30},"end":{"line":69,"column":31}},"loc":{"start":{"line":69,"column":49},"end":{"line":82,"column":1}},"line":69},"5":{"name":"(anonymous_5)","decl":{"start":{"line":84,"column":33},"end":{"line":84,"column":34}},"loc":{"start":{"line":84,"column":52},"end":{"line":99,"column":1}},"line":84},"6":{"name":"(anonymous_6)","decl":{"start":{"line":101,"column":30},"end":{"line":101,"column":31}},"loc":{"start":{"line":101,"column":49},"end":{"line":104,"column":1}},"line":101},"7":{"name":"(anonymous_7)","decl":{"start":{"line":107,"column":16},"end":{"line":107,"column":17}},"loc":{"start":{"line":107,"column":31},"end":{"line":109,"column":1}},"line":107},"8":{"name":"(anonymous_8)","decl":{"start":{"line":112,"column":11},"end":{"line":112,"column":12}},"loc":{"start":{"line":112,"column":26},"end":{"line":114,"column":1}},"line":112}},"branchMap":{"0":{"loc":{"start":{"line":8,"column":13},"end":{"line":8,"column":37}},"type":"binary-expr","locations":[{"start":{"line":8,"column":13},"end":{"line":8,"column":29}},{"start":{"line":8,"column":33},"end":{"line":8,"column":37}}],"line":8},"1":{"loc":{"start":{"line":32,"column":2},"end":{"line":35,"column":3}},"type":"if","locations":[{"start":{"line":32,"column":2},"end":{"line":35,"column":3}},{"start":{},"end":{}}],"line":32},"2":{"loc":{"start":{"line":58,"column":2},"end":{"line":60,"column":3}},"type":"if","locations":[{"start":{"line":58,"column":2},"end":{"line":60,"column":3}},{"start":{},"end":{}}],"line":58},"3":{"loc":{"start":{"line":70,"column":2},"end":{"line":72,"column":3}},"type":"if","locations":[{"start":{"line":70,"column":2},"end":{"line":72,"column":3}},{"start":{},"end":{}}],"line":70},"4":{"loc":{"start":{"line":74,"column":4},"end":{"line":77,"column":5}},"type":"if","locations":[{"start":{"line":74,"column":4},"end":{"line":77,"column":5}},{"start":{},"end":{}}],"line":74},"5":{"loc":{"start":{"line":85,"column":2},"end":{"line":88,"column":3}},"type":"if","locations":[{"start":{"line":85,"column":2},"end":{"line":88,"column":3}},{"start":{},"end":{}}],"line":85},"6":{"loc":{"start":{"line":91,"column":4},"end":{"line":94,"column":5}},"type":"if","locations":[{"start":{"line":91,"column":4},"end":{"line":94,"column":5}},{"start":{},"end":{}}],"line":91}},"s":{"0":1,"1":1,"2":1,"3":1,"4":1,"5":1,"6":1,"7":1,"8":1,"9":1,"10":1,"11":1,"12":1,"13":1,"14":1,"15":1,"16":0,"17":0,"18":1,"19":5,"20":0,"21":0,"22":5,"23":5,"24":5,"25":3,"26":1,"27":1,"28":1,"29":1,"30":1,"31":0,"32":0,"33":0,"34":0,"35":0,"36":0,"37":1,"38":1,"39":0,"40":1,"41":1,"42":0,"43":0,"44":0,"45":0,"46":0,"47":1,"48":1,"49":0,"50":0,"51":1,"52":1,"53":1,"54":1,"55":1,"56":0,"57":0,"58":1,"59":0,"60":0,"61":1,"62":0,"63":1,"64":0,"65":1},"f":{"0":1,"1":5,"2":1,"3":0,"4":1,"5":1,"6":0,"7":0,"8":0},"b":{"0":[1,1],"1":[0,5],"2":[0,0],"3":[0,1],"4":[0,0],"5":[0,1],"6":[1,0]},"_coverageSchema":"1a1c01bbd47fc00a2c39e90264f33305004495a9","hash":"07fbf76d388946b7f6675626c3b71ed8b6395b62"}
,"C:\\Users\\yan01\\github-classroom\\cis557\\homework-4-guess-the-celebrity-backend-yveyan-ysy\\db\\profiles.js": {"path":"C:\\Users\\yan01\\github-classroom\\cis557\\homework-4-guess-the-celebrity-backend-yveyan-ysy\\db\\profiles.js","statementMap":{"0":{"start":{"line":2,"column":17},"end":{"line":7,"column":1}},"1":{"start":{"line":10,"column":17},"end":{"line":15,"column":1}},"2":{"start":{"line":17,"column":0},"end":{"line":19,"column":2}}},"fnMap":{},"branchMap":{},"s":{"0":1,"1":1,"2":1},"f":{},"b":{},"_coverageSchema":"1a1c01bbd47fc00a2c39e90264f33305004495a9","hash":"53b9d70206b19fdd2debe6282f26d59b2ee10ded"}
,"C:\\Users\\yan01\\github-classroom\\cis557\\homework-4-guess-the-celebrity-backend-yveyan-ysy\\db\\sql.js": {"path":"C:\\Users\\yan01\\github-classroom\\cis557\\homework-4-guess-the-celebrity-backend-yveyan-ysy\\db\\sql.js","statementMap":{"0":{"start":{"line":1,"column":14},"end":{"line":1,"column":39}},"1":{"start":{"line":4,"column":16},"end":{"line":20,"column":1}},"2":{"start":{"line":5,"column":2},"end":{"line":5,"column":36}},"3":{"start":{"line":6,"column":2},"end":{"line":19,"column":3}},"4":{"start":{"line":7,"column":23},"end":{"line":12,"column":6}},"5":{"start":{"line":14,"column":4},"end":{"line":14,"column":83}},"6":{"start":{"line":15,"column":4},"end":{"line":15,"column":22}},"7":{"start":{"line":17,"column":4},"end":{"line":17,"column":31}},"8":{"start":{"line":18,"column":4},"end":{"line":18,"column":14}},"9":{"start":{"line":22,"column":16},"end":{"line":31,"column":1}},"10":{"start":{"line":23,"column":16},"end":{"line":23,"column":85}},"11":{"start":{"line":24,"column":17},"end":{"line":24,"column":72}},"12":{"start":{"line":25,"column":2},"end":{"line":30,"column":3}},"13":{"start":{"line":26,"column":16},"end":{"line":26,"column":47}},"14":{"start":{"line":27,"column":4},"end":{"line":27,"column":27}},"15":{"start":{"line":29,"column":4},"end":{"line":29,"column":40}},"16":{"start":{"line":33,"column":17},"end":{"line":37,"column":1}},"17":{"start":{"line":34,"column":16},"end":{"line":34,"column":44}},"18":{"start":{"line":35,"column":17},"end":{"line":35,"column":40}},"19":{"start":{"line":36,"column":2},"end":{"line":36,"column":14}},"20":{"start":{"line":39,"column":16},"end":{"line":47,"column":1}},"21":{"start":{"line":40,"column":2},"end":{"line":46,"column":3}},"22":{"start":{"line":41,"column":18},"end":{"line":41,"column":57}},"23":{"start":{"line":42,"column":18},"end":{"line":42,"column":47}},"24":{"start":{"line":43,"column":4},"end":{"line":43,"column":15}},"25":{"start":{"line":45,"column":4},"end":{"line":45,"column":54}},"26":{"start":{"line":49,"column":21},"end":{"line":57,"column":1}},"27":{"start":{"line":50,"column":2},"end":{"line":56,"column":3}},"28":{"start":{"line":51,"column":18},"end":{"line":51,"column":55}},"29":{"start":{"line":52,"column":18},"end":{"line":52,"column":47}},"30":{"start":{"line":53,"column":4},"end":{"line":53,"column":28}},"31":{"start":{"line":55,"column":4},"end":{"line":55,"column":43}},"32":{"start":{"line":59,"column":19},"end":{"line":68,"column":1}},"33":{"start":{"line":60,"column":38},"end":{"line":60,"column":47}},"34":{"start":{"line":61,"column":2},"end":{"line":67,"column":3}},"35":{"start":{"line":62,"column":18},"end":{"line":62,"column":115}},"36":{"start":{"line":63,"column":18},"end":{"line":63,"column":41}},"37":{"start":{"line":64,"column":4},"end":{"line":64,"column":28}},"38":{"start":{"line":66,"column":4},"end":{"line":66,"column":43}},"39":{"start":{"line":71,"column":19},"end":{"line":79,"column":1}},"40":{"start":{"line":72,"column":2},"end":{"line":78,"column":3}},"41":{"start":{"line":73,"column":18},"end":{"line":73,"column":83}},"42":{"start":{"line":74,"column":19},"end":{"line":74,"column":42}},"43":{"start":{"line":75,"column":4},"end":{"line":75,"column":16}},"44":{"start":{"line":77,"column":4},"end":{"line":77,"column":43}},"45":{"start":{"line":81,"column":0},"end":{"line":83,"column":1}}},"fnMap":{"0":{"name":"(anonymous_0)","decl":{"start":{"line":4,"column":16},"end":{"line":4,"column":17}},"loc":{"start":{"line":4,"column":28},"end":{"line":20,"column":1}},"line":4},"1":{"name":"(anonymous_1)","decl":{"start":{"line":22,"column":16},"end":{"line":22,"column":17}},"loc":{"start":{"line":22,"column":41},"end":{"line":31,"column":1}},"line":22},"2":{"name":"(anonymous_2)","decl":{"start":{"line":33,"column":17},"end":{"line":33,"column":18}},"loc":{"start":{"line":33,"column":31},"end":{"line":37,"column":1}},"line":33},"3":{"name":"(anonymous_3)","decl":{"start":{"line":39,"column":16},"end":{"line":39,"column":17}},"loc":{"start":{"line":39,"column":34},"end":{"line":47,"column":1}},"line":39},"4":{"name":"(anonymous_4)","decl":{"start":{"line":49,"column":21},"end":{"line":49,"column":22}},"loc":{"start":{"line":49,"column":39},"end":{"line":57,"column":1}},"line":49},"5":{"name":"(anonymous_5)","decl":{"start":{"line":59,"column":19},"end":{"line":59,"column":20}},"loc":{"start":{"line":59,"column":47},"end":{"line":68,"column":1}},"line":59},"6":{"name":"(anonymous_6)","decl":{"start":{"line":71,"column":19},"end":{"line":71,"column":20}},"loc":{"start":{"line":71,"column":38},"end":{"line":79,"column":1}},"line":71}},"branchMap":{},"s":{"0":2,"1":2,"2":6,"3":6,"4":6,"5":6,"6":6,"7":0,"8":0,"9":2,"10":13,"11":13,"12":13,"13":13,"14":11,"15":1,"16":2,"17":2,"18":2,"19":2,"20":2,"21":3,"22":3,"23":3,"24":3,"25":0,"26":2,"27":2,"28":2,"29":2,"30":2,"31":0,"32":2,"33":2,"34":2,"35":2,"36":2,"37":1,"38":0,"39":2,"40":1,"41":1,"42":1,"43":1,"44":0,"45":2},"f":{"0":6,"1":13,"2":2,"3":3,"4":2,"5":2,"6":1},"b":{},"_coverageSchema":"1a1c01bbd47fc00a2c39e90264f33305004495a9","hash":"335c7d870757c3ba229b82b6c806ba3380730537"}
}
