TN:
SF:server.js
FN:20,(anonymous_0)
FN:31,(anonymous_1)
FN:52,(anonymous_2)
FN:57,(anonymous_3)
FN:69,(anonymous_4)
FN:84,(anonymous_5)
FN:101,(anonymous_6)
FN:107,(anonymous_7)
FN:112,(anonymous_8)
FNF:9
FNH:5
FNDA:1,(anonymous_0)
FNDA:5,(anonymous_1)
FNDA:1,(anonymous_2)
FNDA:0,(anonymous_3)
FNDA:1,(anonymous_4)
FNDA:1,(anonymous_5)
FNDA:0,(anonymous_6)
FNDA:0,(anonymous_7)
FNDA:0,(anonymous_8)
DA:2,1
DA:3,1
DA:4,1
DA:5,1
DA:6,1
DA:7,1
DA:8,1
DA:10,1
DA:11,1
DA:12,1
DA:17,1
DA:20,1
DA:21,1
DA:22,1
DA:23,1
DA:24,1
DA:26,0
DA:27,0
DA:31,1
DA:32,5
DA:33,0
DA:34,0
DA:37,5
DA:42,5
DA:43,5
DA:44,3
DA:48,1
DA:52,1
DA:53,1
DA:54,1
DA:57,1
DA:58,0
DA:59,0
DA:61,0
DA:62,0
DA:63,0
DA:65,0
DA:69,1
DA:70,1
DA:71,0
DA:72,1
DA:73,1
DA:74,0
DA:75,0
DA:76,0
DA:78,0
DA:80,0
DA:84,1
DA:85,1
DA:86,0
DA:87,0
DA:89,1
DA:90,1
DA:91,1
DA:92,1
DA:93,1
DA:95,0
DA:97,0
DA:101,1
DA:102,0
DA:103,0
DA:107,1
DA:108,0
DA:112,1
DA:113,0
DA:116,1
LF:66
LH:42
BRDA:8,0,0,1
BRDA:8,0,1,1
BRDA:32,1,0,0
BRDA:32,1,1,5
BRDA:58,2,0,0
BRDA:58,2,1,0
BRDA:70,3,0,0
BRDA:70,3,1,1
BRDA:74,4,0,0
BRDA:74,4,1,0
BRDA:85,5,0,0
BRDA:85,5,1,1
BRDA:91,6,0,1
BRDA:91,6,1,0
BRF:14
BRH:6
end_of_record
TN:
SF:db\profiles.js
FNF:0
FNH:0
DA:2,1
DA:10,1
DA:17,1
LF:3
LH:3
BRF:0
BRH:0
end_of_record
TN:
SF:db\sql.js
FN:4,(anonymous_0)
FN:22,(anonymous_1)
FN:33,(anonymous_2)
FN:39,(anonymous_3)
FN:49,(anonymous_4)
FN:59,(anonymous_5)
FN:71,(anonymous_6)
FNF:7
FNH:7
FNDA:6,(anonymous_0)
FNDA:13,(anonymous_1)
FNDA:2,(anonymous_2)
FNDA:3,(anonymous_3)
FNDA:2,(anonymous_4)
FNDA:2,(anonymous_5)
FNDA:1,(anonymous_6)
DA:1,2
DA:4,2
DA:5,6
DA:6,6
DA:7,6
DA:14,6
DA:15,6
DA:17,0
DA:18,0
DA:22,2
DA:23,13
DA:24,13
DA:25,13
DA:26,13
DA:27,11
DA:29,1
DA:33,2
DA:34,2
DA:35,2
DA:36,2
DA:39,2
DA:40,3
DA:41,3
DA:42,3
DA:43,3
DA:45,0
DA:49,2
DA:50,2
DA:51,2
DA:52,2
DA:53,2
DA:55,0
DA:59,2
DA:60,2
DA:61,2
DA:62,2
DA:63,2
DA:64,1
DA:66,0
DA:71,2
DA:72,1
DA:73,1
DA:74,1
DA:75,1
DA:77,0
DA:81,2
LF:46
LH:40
BRF:0
BRH:0
end_of_record
